<?xml version="1.0" encoding="UTF-8"?>
<testsuites name="jest tests" tests="19" failures="1" errors="0" time="23.388">
  <testsuite name="Vehicle Manufacturers API (e2e)" errors="0" failures="1" skipped="0" timestamp="2025-07-10T11:26:46" time="23.246" tests="19">
    <testcase classname="Vehicle Manufacturers API (e2e) › POST /vehicle-inventory/manufacturers" name="should create a manufacturer successfully" time="0.195">
    </testcase>
    <testcase classname="Vehicle Manufacturers API (e2e) › POST /vehicle-inventory/manufacturers" name="should fail to create manufacturer with duplicate name" time="0.336">
    </testcase>
    <testcase classname="Vehicle Manufacturers API (e2e) › POST /vehicle-inventory/manufacturers" name="should fail to create manufacturer with invalid data" time="0.144">
    </testcase>
    <testcase classname="Vehicle Manufacturers API (e2e) › POST /vehicle-inventory/manufacturers" name="should fail to create manufacturer with invalid logo URL" time="0.217">
    </testcase>
    <testcase classname="Vehicle Manufacturers API (e2e) › GET /vehicle-inventory/manufacturers" name="should get all manufacturers successfully" time="0.911">
    </testcase>
    <testcase classname="Vehicle Manufacturers API (e2e) › GET /vehicle-inventory/manufacturers" name="should filter manufacturers by search term" time="1.031">
      <failure>Error: expect(received).toBe(expected) // Object.is equality

Expected: 1
Received: 3
    at Object.&lt;anonymous&gt; (C:\personal\personal\ado-dad-repo\ado-dad\test\vehicle-inventory-manufacturers.e2e-spec.ts:217:10)
    at Promise.then.completed (C:\personal\personal\ado-dad-repo\ado-dad\node_modules\jest-circus\build\utils.js:298:28)
    at new Promise (&lt;anonymous&gt;)
    at callAsyncCircusFn (C:\personal\personal\ado-dad-repo\ado-dad\node_modules\jest-circus\build\utils.js:231:10)
    at _callCircusTest (C:\personal\personal\ado-dad-repo\ado-dad\node_modules\jest-circus\build\run.js:316:40)
    at processTicksAndRejections (node:internal/process/task_queues:95:5)
    at _runTest (C:\personal\personal\ado-dad-repo\ado-dad\node_modules\jest-circus\build\run.js:252:3)
    at _runTestsForDescribeBlock (C:\personal\personal\ado-dad-repo\ado-dad\node_modules\jest-circus\build\run.js:126:9)
    at _runTestsForDescribeBlock (C:\personal\personal\ado-dad-repo\ado-dad\node_modules\jest-circus\build\run.js:121:9)
    at _runTestsForDescribeBlock (C:\personal\personal\ado-dad-repo\ado-dad\node_modules\jest-circus\build\run.js:121:9)
    at run (C:\personal\personal\ado-dad-repo\ado-dad\node_modules\jest-circus\build\run.js:71:3)
    at runAndTransformResultsToJestFormat (C:\personal\personal\ado-dad-repo\ado-dad\node_modules\jest-circus\build\legacy-code-todo-rewrite\jestAdapterInit.js:122:21)
    at jestAdapter (C:\personal\personal\ado-dad-repo\ado-dad\node_modules\jest-circus\build\legacy-code-todo-rewrite\jestAdapter.js:79:19)
    at runTestInternal (C:\personal\personal\ado-dad-repo\ado-dad\node_modules\jest-runner\build\runTest.js:367:16)
    at runTest (C:\personal\personal\ado-dad-repo\ado-dad\node_modules\jest-runner\build\runTest.js:444:34)
----
    at C:\personal\personal\ado-dad-repo\ado-dad\test\vehicle-inventory-manufacturers.e2e-spec.ts:220:40
    at C:\personal\personal\ado-dad-repo\ado-dad\node_modules\supertest\lib\test.js:308:13
    at Test._assertFunction (C:\personal\personal\ado-dad-repo\ado-dad\node_modules\supertest\lib\test.js:285:13)
    at Test.assert (C:\personal\personal\ado-dad-repo\ado-dad\node_modules\supertest\lib\test.js:164:23)
    at Server.localAssert (C:\personal\personal\ado-dad-repo\ado-dad\node_modules\supertest\lib\test.js:120:14)
    at Object.onceWrapper (node:events:638:28)
    at Server.emit (node:events:536:35)
    at emitCloseNT (node:net:2344:8)
    at processTicksAndRejections (node:internal/process/task_queues:81:21)</failure>
    </testcase>
    <testcase classname="Vehicle Manufacturers API (e2e) › GET /vehicle-inventory/manufacturers" name="should filter manufacturers by country" time="0.81">
    </testcase>
    <testcase classname="Vehicle Manufacturers API (e2e) › GET /vehicle-inventory/manufacturers" name="should filter manufacturers by category" time="0.915">
    </testcase>
    <testcase classname="Vehicle Manufacturers API (e2e) › GET /vehicle-inventory/manufacturers" name="should filter manufacturers by region" time="1.023">
    </testcase>
    <testcase classname="Vehicle Manufacturers API (e2e) › GET /vehicle-inventory/manufacturers" name="should paginate manufacturers" time="1.024">
    </testcase>
    <testcase classname="Vehicle Manufacturers API (e2e) › GET /vehicle-inventory/manufacturers/:id" name="should get manufacturer by ID successfully" time="0.511">
    </testcase>
    <testcase classname="Vehicle Manufacturers API (e2e) › GET /vehicle-inventory/manufacturers/:id" name="should return 404 for non-existent manufacturer" time="0.41">
    </testcase>
    <testcase classname="Vehicle Manufacturers API (e2e) › GET /vehicle-inventory/manufacturers/:id" name="should return 400 for invalid ID format" time="0.416">
    </testcase>
    <testcase classname="Vehicle Manufacturers API (e2e) › PUT /vehicle-inventory/manufacturers/:id" name="should update manufacturer successfully" time="0.51">
    </testcase>
    <testcase classname="Vehicle Manufacturers API (e2e) › PUT /vehicle-inventory/manufacturers/:id" name="should return 404 for non-existent manufacturer" time="0.38">
    </testcase>
    <testcase classname="Vehicle Manufacturers API (e2e) › PUT /vehicle-inventory/manufacturers/:id" name="should return 400 for invalid update data" time="0.45">
    </testcase>
    <testcase classname="Vehicle Manufacturers API (e2e) › DELETE /vehicle-inventory/manufacturers/:id" name="should delete manufacturer successfully" time="0.314">
    </testcase>
    <testcase classname="Vehicle Manufacturers API (e2e) › DELETE /vehicle-inventory/manufacturers/:id" name="should return 404 for non-existent manufacturer" time="0.486">
    </testcase>
    <testcase classname="Vehicle Manufacturers API (e2e) › DELETE /vehicle-inventory/manufacturers/:id" name="should return 400 for invalid ID format" time="0.309">
    </testcase>
  </testsuite>
</testsuites>