<?xml version="1.0" encoding="UTF-8"?>
<testsuites name="jest tests" tests="19" failures="1" errors="0" time="15.408">
  <testsuite name="Vehicle Manufacturers API (e2e)" errors="0" failures="1" skipped="18" timestamp="2025-07-10T11:23:48" time="15.265" tests="19">
    <testcase classname="Vehicle Manufacturers API (e2e) › POST /vehicle-inventory/manufacturers" name="should create a manufacturer successfully" time="0">
      <skipped/>
    </testcase>
    <testcase classname="Vehicle Manufacturers API (e2e) › POST /vehicle-inventory/manufacturers" name="should fail to create manufacturer with duplicate name" time="0">
      <skipped/>
    </testcase>
    <testcase classname="Vehicle Manufacturers API (e2e) › POST /vehicle-inventory/manufacturers" name="should fail to create manufacturer with invalid data" time="0">
      <skipped/>
    </testcase>
    <testcase classname="Vehicle Manufacturers API (e2e) › POST /vehicle-inventory/manufacturers" name="should fail to create manufacturer with invalid logo URL" time="0">
      <skipped/>
    </testcase>
    <testcase classname="Vehicle Manufacturers API (e2e) › GET /vehicle-inventory/manufacturers" name="should get all manufacturers successfully" time="0">
      <skipped/>
    </testcase>
    <testcase classname="Vehicle Manufacturers API (e2e) › GET /vehicle-inventory/manufacturers" name="should filter manufacturers by search term" time="0">
      <skipped/>
    </testcase>
    <testcase classname="Vehicle Manufacturers API (e2e) › GET /vehicle-inventory/manufacturers" name="should filter manufacturers by country" time="0">
      <skipped/>
    </testcase>
    <testcase classname="Vehicle Manufacturers API (e2e) › GET /vehicle-inventory/manufacturers" name="should filter manufacturers by category" time="0">
      <skipped/>
    </testcase>
    <testcase classname="Vehicle Manufacturers API (e2e) › GET /vehicle-inventory/manufacturers" name="should filter manufacturers by region" time="0">
      <skipped/>
    </testcase>
    <testcase classname="Vehicle Manufacturers API (e2e) › GET /vehicle-inventory/manufacturers" name="should paginate manufacturers" time="0.885">
      <failure>Error: expected 200 &quot;OK&quot;, got 500 &quot;Internal Server Error&quot;
    at Object.&lt;anonymous&gt; (C:\personal\personal\ado-dad-repo\ado-dad\test\vehicle-inventory-manufacturers.e2e-spec.ts:264:10)
    at Promise.then.completed (C:\personal\personal\ado-dad-repo\ado-dad\node_modules\jest-circus\build\utils.js:298:28)
    at new Promise (&lt;anonymous&gt;)
    at callAsyncCircusFn (C:\personal\personal\ado-dad-repo\ado-dad\node_modules\jest-circus\build\utils.js:231:10)
    at _callCircusTest (C:\personal\personal\ado-dad-repo\ado-dad\node_modules\jest-circus\build\run.js:316:40)
    at processTicksAndRejections (node:internal/process/task_queues:95:5)
    at _runTest (C:\personal\personal\ado-dad-repo\ado-dad\node_modules\jest-circus\build\run.js:252:3)
    at _runTestsForDescribeBlock (C:\personal\personal\ado-dad-repo\ado-dad\node_modules\jest-circus\build\run.js:126:9)
    at _runTestsForDescribeBlock (C:\personal\personal\ado-dad-repo\ado-dad\node_modules\jest-circus\build\run.js:121:9)
    at _runTestsForDescribeBlock (C:\personal\personal\ado-dad-repo\ado-dad\node_modules\jest-circus\build\run.js:121:9)
    at run (C:\personal\personal\ado-dad-repo\ado-dad\node_modules\jest-circus\build\run.js:71:3)
    at runAndTransformResultsToJestFormat (C:\personal\personal\ado-dad-repo\ado-dad\node_modules\jest-circus\build\legacy-code-todo-rewrite\jestAdapterInit.js:122:21)
    at jestAdapter (C:\personal\personal\ado-dad-repo\ado-dad\node_modules\jest-circus\build\legacy-code-todo-rewrite\jestAdapter.js:79:19)
    at runTestInternal (C:\personal\personal\ado-dad-repo\ado-dad\node_modules\jest-runner\build\runTest.js:367:16)
    at runTest (C:\personal\personal\ado-dad-repo\ado-dad\node_modules\jest-runner\build\runTest.js:444:34)
----
    at Test._assertStatus (C:\personal\personal\ado-dad-repo\ado-dad\node_modules\supertest\lib\test.js:252:14)
    at C:\personal\personal\ado-dad-repo\ado-dad\node_modules\supertest\lib\test.js:308:13
    at Test._assertFunction (C:\personal\personal\ado-dad-repo\ado-dad\node_modules\supertest\lib\test.js:285:13)
    at Test.assert (C:\personal\personal\ado-dad-repo\ado-dad\node_modules\supertest\lib\test.js:164:23)
    at Server.localAssert (C:\personal\personal\ado-dad-repo\ado-dad\node_modules\supertest\lib\test.js:120:14)
    at Object.onceWrapper (node:events:638:28)
    at Server.emit (node:events:536:35)
    at emitCloseNT (node:net:2344:8)
    at processTicksAndRejections (node:internal/process/task_queues:81:21)</failure>
    </testcase>
    <testcase classname="Vehicle Manufacturers API (e2e) › GET /vehicle-inventory/manufacturers/:id" name="should get manufacturer by ID successfully" time="0">
      <skipped/>
    </testcase>
    <testcase classname="Vehicle Manufacturers API (e2e) › GET /vehicle-inventory/manufacturers/:id" name="should return 404 for non-existent manufacturer" time="0">
      <skipped/>
    </testcase>
    <testcase classname="Vehicle Manufacturers API (e2e) › GET /vehicle-inventory/manufacturers/:id" name="should return 400 for invalid ID format" time="0">
      <skipped/>
    </testcase>
    <testcase classname="Vehicle Manufacturers API (e2e) › PUT /vehicle-inventory/manufacturers/:id" name="should update manufacturer successfully" time="0">
      <skipped/>
    </testcase>
    <testcase classname="Vehicle Manufacturers API (e2e) › PUT /vehicle-inventory/manufacturers/:id" name="should return 404 for non-existent manufacturer" time="0">
      <skipped/>
    </testcase>
    <testcase classname="Vehicle Manufacturers API (e2e) › PUT /vehicle-inventory/manufacturers/:id" name="should return 400 for invalid update data" time="0">
      <skipped/>
    </testcase>
    <testcase classname="Vehicle Manufacturers API (e2e) › DELETE /vehicle-inventory/manufacturers/:id" name="should delete manufacturer successfully" time="0">
      <skipped/>
    </testcase>
    <testcase classname="Vehicle Manufacturers API (e2e) › DELETE /vehicle-inventory/manufacturers/:id" name="should return 404 for non-existent manufacturer" time="0">
      <skipped/>
    </testcase>
    <testcase classname="Vehicle Manufacturers API (e2e) › DELETE /vehicle-inventory/manufacturers/:id" name="should return 400 for invalid ID format" time="0">
      <skipped/>
    </testcase>
  </testsuite>
</testsuites>