<?xml version="1.0" encoding="UTF-8"?>
<testsuites name="jest tests" tests="26" failures="26" errors="0" time="41.223">
  <testsuite name="Vehicle Inventory API (e2e)" errors="0" failures="26" skipped="0" timestamp="2025-12-21T16:28:31" time="41.008" tests="26">
    <testcase classname="Vehicle Inventory API (e2e) › Manufacturers API › POST /vehicle-inventory/manufacturers" name="should create manufacturer successfully" time="0.001">
      <failure>Error: thrown: &quot;Exceeded timeout of 30000 ms for a hook.
Add a timeout value to this test to increase the timeout, if this is a long-running test. See https://jestjs.io/docs/api#testname-fn-timeout.&quot;
    at C:\Users\Gamer\ado-dad\test\vehicle-inventory.e2e-spec.ts:18:3
    at _dispatchDescribe (C:\Users\Gamer\ado-dad\node_modules\jest-circus\build\index.js:91:26)
    at describe (C:\Users\Gamer\ado-dad\node_modules\jest-circus\build\index.js:55:5)
    at Object.&lt;anonymous&gt; (C:\Users\Gamer\ado-dad\test\vehicle-inventory.e2e-spec.ts:10:1)
    at Runtime._execModule (C:\Users\Gamer\ado-dad\node_modules\jest-runtime\build\index.js:1439:24)
    at Runtime._loadModule (C:\Users\Gamer\ado-dad\node_modules\jest-runtime\build\index.js:1022:12)
    at Runtime.requireModule (C:\Users\Gamer\ado-dad\node_modules\jest-runtime\build\index.js:882:12)
    at jestAdapter (C:\Users\Gamer\ado-dad\node_modules\jest-circus\build\legacy-code-todo-rewrite\jestAdapter.js:77:13)
    at runTestInternal (C:\Users\Gamer\ado-dad\node_modules\jest-runner\build\runTest.js:367:16)
    at runTest (C:\Users\Gamer\ado-dad\node_modules\jest-runner\build\runTest.js:444:34)</failure>
    </testcase>
    <testcase classname="Vehicle Inventory API (e2e) › Manufacturers API › POST /vehicle-inventory/manufacturers" name="should fail to create manufacturer with invalid data" time="0">
      <failure>Error: thrown: &quot;Exceeded timeout of 30000 ms for a hook.
Add a timeout value to this test to increase the timeout, if this is a long-running test. See https://jestjs.io/docs/api#testname-fn-timeout.&quot;
    at C:\Users\Gamer\ado-dad\test\vehicle-inventory.e2e-spec.ts:18:3
    at _dispatchDescribe (C:\Users\Gamer\ado-dad\node_modules\jest-circus\build\index.js:91:26)
    at describe (C:\Users\Gamer\ado-dad\node_modules\jest-circus\build\index.js:55:5)
    at Object.&lt;anonymous&gt; (C:\Users\Gamer\ado-dad\test\vehicle-inventory.e2e-spec.ts:10:1)
    at Runtime._execModule (C:\Users\Gamer\ado-dad\node_modules\jest-runtime\build\index.js:1439:24)
    at Runtime._loadModule (C:\Users\Gamer\ado-dad\node_modules\jest-runtime\build\index.js:1022:12)
    at Runtime.requireModule (C:\Users\Gamer\ado-dad\node_modules\jest-runtime\build\index.js:882:12)
    at jestAdapter (C:\Users\Gamer\ado-dad\node_modules\jest-circus\build\legacy-code-todo-rewrite\jestAdapter.js:77:13)
    at runTestInternal (C:\Users\Gamer\ado-dad\node_modules\jest-runner\build\runTest.js:367:16)
    at runTest (C:\Users\Gamer\ado-dad\node_modules\jest-runner\build\runTest.js:444:34)</failure>
    </testcase>
    <testcase classname="Vehicle Inventory API (e2e) › Manufacturers API › POST /vehicle-inventory/manufacturers" name="should fail to create manufacturer with duplicate name" time="0.001">
      <failure>Error: thrown: &quot;Exceeded timeout of 30000 ms for a hook.
Add a timeout value to this test to increase the timeout, if this is a long-running test. See https://jestjs.io/docs/api#testname-fn-timeout.&quot;
    at C:\Users\Gamer\ado-dad\test\vehicle-inventory.e2e-spec.ts:18:3
    at _dispatchDescribe (C:\Users\Gamer\ado-dad\node_modules\jest-circus\build\index.js:91:26)
    at describe (C:\Users\Gamer\ado-dad\node_modules\jest-circus\build\index.js:55:5)
    at Object.&lt;anonymous&gt; (C:\Users\Gamer\ado-dad\test\vehicle-inventory.e2e-spec.ts:10:1)
    at Runtime._execModule (C:\Users\Gamer\ado-dad\node_modules\jest-runtime\build\index.js:1439:24)
    at Runtime._loadModule (C:\Users\Gamer\ado-dad\node_modules\jest-runtime\build\index.js:1022:12)
    at Runtime.requireModule (C:\Users\Gamer\ado-dad\node_modules\jest-runtime\build\index.js:882:12)
    at jestAdapter (C:\Users\Gamer\ado-dad\node_modules\jest-circus\build\legacy-code-todo-rewrite\jestAdapter.js:77:13)
    at runTestInternal (C:\Users\Gamer\ado-dad\node_modules\jest-runner\build\runTest.js:367:16)
    at runTest (C:\Users\Gamer\ado-dad\node_modules\jest-runner\build\runTest.js:444:34)</failure>
    </testcase>
    <testcase classname="Vehicle Inventory API (e2e) › Manufacturers API › GET /vehicle-inventory/manufacturers" name="should get all manufacturers successfully" time="0">
      <failure>Error: thrown: &quot;Exceeded timeout of 30000 ms for a hook.
Add a timeout value to this test to increase the timeout, if this is a long-running test. See https://jestjs.io/docs/api#testname-fn-timeout.&quot;
    at C:\Users\Gamer\ado-dad\test\vehicle-inventory.e2e-spec.ts:18:3
    at _dispatchDescribe (C:\Users\Gamer\ado-dad\node_modules\jest-circus\build\index.js:91:26)
    at describe (C:\Users\Gamer\ado-dad\node_modules\jest-circus\build\index.js:55:5)
    at Object.&lt;anonymous&gt; (C:\Users\Gamer\ado-dad\test\vehicle-inventory.e2e-spec.ts:10:1)
    at Runtime._execModule (C:\Users\Gamer\ado-dad\node_modules\jest-runtime\build\index.js:1439:24)
    at Runtime._loadModule (C:\Users\Gamer\ado-dad\node_modules\jest-runtime\build\index.js:1022:12)
    at Runtime.requireModule (C:\Users\Gamer\ado-dad\node_modules\jest-runtime\build\index.js:882:12)
    at jestAdapter (C:\Users\Gamer\ado-dad\node_modules\jest-circus\build\legacy-code-todo-rewrite\jestAdapter.js:77:13)
    at runTestInternal (C:\Users\Gamer\ado-dad\node_modules\jest-runner\build\runTest.js:367:16)
    at runTest (C:\Users\Gamer\ado-dad\node_modules\jest-runner\build\runTest.js:444:34)</failure>
    </testcase>
    <testcase classname="Vehicle Inventory API (e2e) › Manufacturers API › GET /vehicle-inventory/manufacturers" name="should get manufacturers with pagination" time="0">
      <failure>Error: thrown: &quot;Exceeded timeout of 30000 ms for a hook.
Add a timeout value to this test to increase the timeout, if this is a long-running test. See https://jestjs.io/docs/api#testname-fn-timeout.&quot;
    at C:\Users\Gamer\ado-dad\test\vehicle-inventory.e2e-spec.ts:18:3
    at _dispatchDescribe (C:\Users\Gamer\ado-dad\node_modules\jest-circus\build\index.js:91:26)
    at describe (C:\Users\Gamer\ado-dad\node_modules\jest-circus\build\index.js:55:5)
    at Object.&lt;anonymous&gt; (C:\Users\Gamer\ado-dad\test\vehicle-inventory.e2e-spec.ts:10:1)
    at Runtime._execModule (C:\Users\Gamer\ado-dad\node_modules\jest-runtime\build\index.js:1439:24)
    at Runtime._loadModule (C:\Users\Gamer\ado-dad\node_modules\jest-runtime\build\index.js:1022:12)
    at Runtime.requireModule (C:\Users\Gamer\ado-dad\node_modules\jest-runtime\build\index.js:882:12)
    at jestAdapter (C:\Users\Gamer\ado-dad\node_modules\jest-circus\build\legacy-code-todo-rewrite\jestAdapter.js:77:13)
    at runTestInternal (C:\Users\Gamer\ado-dad\node_modules\jest-runner\build\runTest.js:367:16)
    at runTest (C:\Users\Gamer\ado-dad\node_modules\jest-runner\build\runTest.js:444:34)</failure>
    </testcase>
    <testcase classname="Vehicle Inventory API (e2e) › Manufacturers API › GET /vehicle-inventory/manufacturers" name="should filter manufacturers by origin country" time="0">
      <failure>Error: thrown: &quot;Exceeded timeout of 30000 ms for a hook.
Add a timeout value to this test to increase the timeout, if this is a long-running test. See https://jestjs.io/docs/api#testname-fn-timeout.&quot;
    at C:\Users\Gamer\ado-dad\test\vehicle-inventory.e2e-spec.ts:18:3
    at _dispatchDescribe (C:\Users\Gamer\ado-dad\node_modules\jest-circus\build\index.js:91:26)
    at describe (C:\Users\Gamer\ado-dad\node_modules\jest-circus\build\index.js:55:5)
    at Object.&lt;anonymous&gt; (C:\Users\Gamer\ado-dad\test\vehicle-inventory.e2e-spec.ts:10:1)
    at Runtime._execModule (C:\Users\Gamer\ado-dad\node_modules\jest-runtime\build\index.js:1439:24)
    at Runtime._loadModule (C:\Users\Gamer\ado-dad\node_modules\jest-runtime\build\index.js:1022:12)
    at Runtime.requireModule (C:\Users\Gamer\ado-dad\node_modules\jest-runtime\build\index.js:882:12)
    at jestAdapter (C:\Users\Gamer\ado-dad\node_modules\jest-circus\build\legacy-code-todo-rewrite\jestAdapter.js:77:13)
    at runTestInternal (C:\Users\Gamer\ado-dad\node_modules\jest-runner\build\runTest.js:367:16)
    at runTest (C:\Users\Gamer\ado-dad\node_modules\jest-runner\build\runTest.js:444:34)</failure>
    </testcase>
    <testcase classname="Vehicle Inventory API (e2e) › Manufacturers API › GET /vehicle-inventory/manufacturers" name="should search manufacturers by name" time="0">
      <failure>Error: thrown: &quot;Exceeded timeout of 30000 ms for a hook.
Add a timeout value to this test to increase the timeout, if this is a long-running test. See https://jestjs.io/docs/api#testname-fn-timeout.&quot;
    at C:\Users\Gamer\ado-dad\test\vehicle-inventory.e2e-spec.ts:18:3
    at _dispatchDescribe (C:\Users\Gamer\ado-dad\node_modules\jest-circus\build\index.js:91:26)
    at describe (C:\Users\Gamer\ado-dad\node_modules\jest-circus\build\index.js:55:5)
    at Object.&lt;anonymous&gt; (C:\Users\Gamer\ado-dad\test\vehicle-inventory.e2e-spec.ts:10:1)
    at Runtime._execModule (C:\Users\Gamer\ado-dad\node_modules\jest-runtime\build\index.js:1439:24)
    at Runtime._loadModule (C:\Users\Gamer\ado-dad\node_modules\jest-runtime\build\index.js:1022:12)
    at Runtime.requireModule (C:\Users\Gamer\ado-dad\node_modules\jest-runtime\build\index.js:882:12)
    at jestAdapter (C:\Users\Gamer\ado-dad\node_modules\jest-circus\build\legacy-code-todo-rewrite\jestAdapter.js:77:13)
    at runTestInternal (C:\Users\Gamer\ado-dad\node_modules\jest-runner\build\runTest.js:367:16)
    at runTest (C:\Users\Gamer\ado-dad\node_modules\jest-runner\build\runTest.js:444:34)</failure>
    </testcase>
    <testcase classname="Vehicle Inventory API (e2e) › Manufacturers API › GET /vehicle-inventory/manufacturers/:id" name="should get manufacturer by ID successfully" time="0.001">
      <failure>Error: thrown: &quot;Exceeded timeout of 30000 ms for a hook.
Add a timeout value to this test to increase the timeout, if this is a long-running test. See https://jestjs.io/docs/api#testname-fn-timeout.&quot;
    at C:\Users\Gamer\ado-dad\test\vehicle-inventory.e2e-spec.ts:18:3
    at _dispatchDescribe (C:\Users\Gamer\ado-dad\node_modules\jest-circus\build\index.js:91:26)
    at describe (C:\Users\Gamer\ado-dad\node_modules\jest-circus\build\index.js:55:5)
    at Object.&lt;anonymous&gt; (C:\Users\Gamer\ado-dad\test\vehicle-inventory.e2e-spec.ts:10:1)
    at Runtime._execModule (C:\Users\Gamer\ado-dad\node_modules\jest-runtime\build\index.js:1439:24)
    at Runtime._loadModule (C:\Users\Gamer\ado-dad\node_modules\jest-runtime\build\index.js:1022:12)
    at Runtime.requireModule (C:\Users\Gamer\ado-dad\node_modules\jest-runtime\build\index.js:882:12)
    at jestAdapter (C:\Users\Gamer\ado-dad\node_modules\jest-circus\build\legacy-code-todo-rewrite\jestAdapter.js:77:13)
    at runTestInternal (C:\Users\Gamer\ado-dad\node_modules\jest-runner\build\runTest.js:367:16)
    at runTest (C:\Users\Gamer\ado-dad\node_modules\jest-runner\build\runTest.js:444:34)</failure>
    </testcase>
    <testcase classname="Vehicle Inventory API (e2e) › Manufacturers API › GET /vehicle-inventory/manufacturers/:id" name="should fail to get manufacturer with invalid ID" time="0">
      <failure>Error: thrown: &quot;Exceeded timeout of 30000 ms for a hook.
Add a timeout value to this test to increase the timeout, if this is a long-running test. See https://jestjs.io/docs/api#testname-fn-timeout.&quot;
    at C:\Users\Gamer\ado-dad\test\vehicle-inventory.e2e-spec.ts:18:3
    at _dispatchDescribe (C:\Users\Gamer\ado-dad\node_modules\jest-circus\build\index.js:91:26)
    at describe (C:\Users\Gamer\ado-dad\node_modules\jest-circus\build\index.js:55:5)
    at Object.&lt;anonymous&gt; (C:\Users\Gamer\ado-dad\test\vehicle-inventory.e2e-spec.ts:10:1)
    at Runtime._execModule (C:\Users\Gamer\ado-dad\node_modules\jest-runtime\build\index.js:1439:24)
    at Runtime._loadModule (C:\Users\Gamer\ado-dad\node_modules\jest-runtime\build\index.js:1022:12)
    at Runtime.requireModule (C:\Users\Gamer\ado-dad\node_modules\jest-runtime\build\index.js:882:12)
    at jestAdapter (C:\Users\Gamer\ado-dad\node_modules\jest-circus\build\legacy-code-todo-rewrite\jestAdapter.js:77:13)
    at runTestInternal (C:\Users\Gamer\ado-dad\node_modules\jest-runner\build\runTest.js:367:16)
    at runTest (C:\Users\Gamer\ado-dad\node_modules\jest-runner\build\runTest.js:444:34)</failure>
    </testcase>
    <testcase classname="Vehicle Inventory API (e2e) › Manufacturers API › GET /vehicle-inventory/manufacturers/:id" name="should fail to get non-existent manufacturer" time="0">
      <failure>Error: thrown: &quot;Exceeded timeout of 30000 ms for a hook.
Add a timeout value to this test to increase the timeout, if this is a long-running test. See https://jestjs.io/docs/api#testname-fn-timeout.&quot;
    at C:\Users\Gamer\ado-dad\test\vehicle-inventory.e2e-spec.ts:18:3
    at _dispatchDescribe (C:\Users\Gamer\ado-dad\node_modules\jest-circus\build\index.js:91:26)
    at describe (C:\Users\Gamer\ado-dad\node_modules\jest-circus\build\index.js:55:5)
    at Object.&lt;anonymous&gt; (C:\Users\Gamer\ado-dad\test\vehicle-inventory.e2e-spec.ts:10:1)
    at Runtime._execModule (C:\Users\Gamer\ado-dad\node_modules\jest-runtime\build\index.js:1439:24)
    at Runtime._loadModule (C:\Users\Gamer\ado-dad\node_modules\jest-runtime\build\index.js:1022:12)
    at Runtime.requireModule (C:\Users\Gamer\ado-dad\node_modules\jest-runtime\build\index.js:882:12)
    at jestAdapter (C:\Users\Gamer\ado-dad\node_modules\jest-circus\build\legacy-code-todo-rewrite\jestAdapter.js:77:13)
    at runTestInternal (C:\Users\Gamer\ado-dad\node_modules\jest-runner\build\runTest.js:367:16)
    at runTest (C:\Users\Gamer\ado-dad\node_modules\jest-runner\build\runTest.js:444:34)</failure>
    </testcase>
    <testcase classname="Vehicle Inventory API (e2e) › Manufacturers API › PUT /vehicle-inventory/manufacturers/:id" name="should update manufacturer successfully" time="0">
      <failure>Error: thrown: &quot;Exceeded timeout of 30000 ms for a hook.
Add a timeout value to this test to increase the timeout, if this is a long-running test. See https://jestjs.io/docs/api#testname-fn-timeout.&quot;
    at C:\Users\Gamer\ado-dad\test\vehicle-inventory.e2e-spec.ts:18:3
    at _dispatchDescribe (C:\Users\Gamer\ado-dad\node_modules\jest-circus\build\index.js:91:26)
    at describe (C:\Users\Gamer\ado-dad\node_modules\jest-circus\build\index.js:55:5)
    at Object.&lt;anonymous&gt; (C:\Users\Gamer\ado-dad\test\vehicle-inventory.e2e-spec.ts:10:1)
    at Runtime._execModule (C:\Users\Gamer\ado-dad\node_modules\jest-runtime\build\index.js:1439:24)
    at Runtime._loadModule (C:\Users\Gamer\ado-dad\node_modules\jest-runtime\build\index.js:1022:12)
    at Runtime.requireModule (C:\Users\Gamer\ado-dad\node_modules\jest-runtime\build\index.js:882:12)
    at jestAdapter (C:\Users\Gamer\ado-dad\node_modules\jest-circus\build\legacy-code-todo-rewrite\jestAdapter.js:77:13)
    at runTestInternal (C:\Users\Gamer\ado-dad\node_modules\jest-runner\build\runTest.js:367:16)
    at runTest (C:\Users\Gamer\ado-dad\node_modules\jest-runner\build\runTest.js:444:34)</failure>
    </testcase>
    <testcase classname="Vehicle Inventory API (e2e) › Manufacturers API › PUT /vehicle-inventory/manufacturers/:id" name="should fail to update manufacturer with invalid data" time="0">
      <failure>Error: thrown: &quot;Exceeded timeout of 30000 ms for a hook.
Add a timeout value to this test to increase the timeout, if this is a long-running test. See https://jestjs.io/docs/api#testname-fn-timeout.&quot;
    at C:\Users\Gamer\ado-dad\test\vehicle-inventory.e2e-spec.ts:18:3
    at _dispatchDescribe (C:\Users\Gamer\ado-dad\node_modules\jest-circus\build\index.js:91:26)
    at describe (C:\Users\Gamer\ado-dad\node_modules\jest-circus\build\index.js:55:5)
    at Object.&lt;anonymous&gt; (C:\Users\Gamer\ado-dad\test\vehicle-inventory.e2e-spec.ts:10:1)
    at Runtime._execModule (C:\Users\Gamer\ado-dad\node_modules\jest-runtime\build\index.js:1439:24)
    at Runtime._loadModule (C:\Users\Gamer\ado-dad\node_modules\jest-runtime\build\index.js:1022:12)
    at Runtime.requireModule (C:\Users\Gamer\ado-dad\node_modules\jest-runtime\build\index.js:882:12)
    at jestAdapter (C:\Users\Gamer\ado-dad\node_modules\jest-circus\build\legacy-code-todo-rewrite\jestAdapter.js:77:13)
    at runTestInternal (C:\Users\Gamer\ado-dad\node_modules\jest-runner\build\runTest.js:367:16)
    at runTest (C:\Users\Gamer\ado-dad\node_modules\jest-runner\build\runTest.js:444:34)</failure>
    </testcase>
    <testcase classname="Vehicle Inventory API (e2e) › Vehicle Models API › POST /vehicle-inventory/vehicle-models" name="should create vehicle model successfully" time="0.001">
      <failure>Error: thrown: &quot;Exceeded timeout of 30000 ms for a hook.
Add a timeout value to this test to increase the timeout, if this is a long-running test. See https://jestjs.io/docs/api#testname-fn-timeout.&quot;
    at C:\Users\Gamer\ado-dad\test\vehicle-inventory.e2e-spec.ts:18:3
    at _dispatchDescribe (C:\Users\Gamer\ado-dad\node_modules\jest-circus\build\index.js:91:26)
    at describe (C:\Users\Gamer\ado-dad\node_modules\jest-circus\build\index.js:55:5)
    at Object.&lt;anonymous&gt; (C:\Users\Gamer\ado-dad\test\vehicle-inventory.e2e-spec.ts:10:1)
    at Runtime._execModule (C:\Users\Gamer\ado-dad\node_modules\jest-runtime\build\index.js:1439:24)
    at Runtime._loadModule (C:\Users\Gamer\ado-dad\node_modules\jest-runtime\build\index.js:1022:12)
    at Runtime.requireModule (C:\Users\Gamer\ado-dad\node_modules\jest-runtime\build\index.js:882:12)
    at jestAdapter (C:\Users\Gamer\ado-dad\node_modules\jest-circus\build\legacy-code-todo-rewrite\jestAdapter.js:77:13)
    at runTestInternal (C:\Users\Gamer\ado-dad\node_modules\jest-runner\build\runTest.js:367:16)
    at runTest (C:\Users\Gamer\ado-dad\node_modules\jest-runner\build\runTest.js:444:34)</failure>
    </testcase>
    <testcase classname="Vehicle Inventory API (e2e) › Vehicle Models API › POST /vehicle-inventory/vehicle-models" name="should fail to create vehicle model with invalid manufacturer" time="0">
      <failure>Error: thrown: &quot;Exceeded timeout of 30000 ms for a hook.
Add a timeout value to this test to increase the timeout, if this is a long-running test. See https://jestjs.io/docs/api#testname-fn-timeout.&quot;
    at C:\Users\Gamer\ado-dad\test\vehicle-inventory.e2e-spec.ts:18:3
    at _dispatchDescribe (C:\Users\Gamer\ado-dad\node_modules\jest-circus\build\index.js:91:26)
    at describe (C:\Users\Gamer\ado-dad\node_modules\jest-circus\build\index.js:55:5)
    at Object.&lt;anonymous&gt; (C:\Users\Gamer\ado-dad\test\vehicle-inventory.e2e-spec.ts:10:1)
    at Runtime._execModule (C:\Users\Gamer\ado-dad\node_modules\jest-runtime\build\index.js:1439:24)
    at Runtime._loadModule (C:\Users\Gamer\ado-dad\node_modules\jest-runtime\build\index.js:1022:12)
    at Runtime.requireModule (C:\Users\Gamer\ado-dad\node_modules\jest-runtime\build\index.js:882:12)
    at jestAdapter (C:\Users\Gamer\ado-dad\node_modules\jest-circus\build\legacy-code-todo-rewrite\jestAdapter.js:77:13)
    at runTestInternal (C:\Users\Gamer\ado-dad\node_modules\jest-runner\build\runTest.js:367:16)
    at runTest (C:\Users\Gamer\ado-dad\node_modules\jest-runner\build\runTest.js:444:34)</failure>
    </testcase>
    <testcase classname="Vehicle Inventory API (e2e) › Vehicle Models API › GET /vehicle-inventory/vehicle-models" name="should get all vehicle models successfully" time="0">
      <failure>Error: thrown: &quot;Exceeded timeout of 30000 ms for a hook.
Add a timeout value to this test to increase the timeout, if this is a long-running test. See https://jestjs.io/docs/api#testname-fn-timeout.&quot;
    at C:\Users\Gamer\ado-dad\test\vehicle-inventory.e2e-spec.ts:18:3
    at _dispatchDescribe (C:\Users\Gamer\ado-dad\node_modules\jest-circus\build\index.js:91:26)
    at describe (C:\Users\Gamer\ado-dad\node_modules\jest-circus\build\index.js:55:5)
    at Object.&lt;anonymous&gt; (C:\Users\Gamer\ado-dad\test\vehicle-inventory.e2e-spec.ts:10:1)
    at Runtime._execModule (C:\Users\Gamer\ado-dad\node_modules\jest-runtime\build\index.js:1439:24)
    at Runtime._loadModule (C:\Users\Gamer\ado-dad\node_modules\jest-runtime\build\index.js:1022:12)
    at Runtime.requireModule (C:\Users\Gamer\ado-dad\node_modules\jest-runtime\build\index.js:882:12)
    at jestAdapter (C:\Users\Gamer\ado-dad\node_modules\jest-circus\build\legacy-code-todo-rewrite\jestAdapter.js:77:13)
    at runTestInternal (C:\Users\Gamer\ado-dad\node_modules\jest-runner\build\runTest.js:367:16)
    at runTest (C:\Users\Gamer\ado-dad\node_modules\jest-runner\build\runTest.js:444:34)</failure>
    </testcase>
    <testcase classname="Vehicle Inventory API (e2e) › Vehicle Models API › GET /vehicle-inventory/vehicle-models" name="should filter vehicle models by manufacturer" time="0">
      <failure>Error: thrown: &quot;Exceeded timeout of 30000 ms for a hook.
Add a timeout value to this test to increase the timeout, if this is a long-running test. See https://jestjs.io/docs/api#testname-fn-timeout.&quot;
    at C:\Users\Gamer\ado-dad\test\vehicle-inventory.e2e-spec.ts:18:3
    at _dispatchDescribe (C:\Users\Gamer\ado-dad\node_modules\jest-circus\build\index.js:91:26)
    at describe (C:\Users\Gamer\ado-dad\node_modules\jest-circus\build\index.js:55:5)
    at Object.&lt;anonymous&gt; (C:\Users\Gamer\ado-dad\test\vehicle-inventory.e2e-spec.ts:10:1)
    at Runtime._execModule (C:\Users\Gamer\ado-dad\node_modules\jest-runtime\build\index.js:1439:24)
    at Runtime._loadModule (C:\Users\Gamer\ado-dad\node_modules\jest-runtime\build\index.js:1022:12)
    at Runtime.requireModule (C:\Users\Gamer\ado-dad\node_modules\jest-runtime\build\index.js:882:12)
    at jestAdapter (C:\Users\Gamer\ado-dad\node_modules\jest-circus\build\legacy-code-todo-rewrite\jestAdapter.js:77:13)
    at runTestInternal (C:\Users\Gamer\ado-dad\node_modules\jest-runner\build\runTest.js:367:16)
    at runTest (C:\Users\Gamer\ado-dad\node_modules\jest-runner\build\runTest.js:444:34)</failure>
    </testcase>
    <testcase classname="Vehicle Inventory API (e2e) › Vehicle Models API › GET /vehicle-inventory/vehicle-models" name="should filter vehicle models by vehicle type" time="0">
      <failure>Error: thrown: &quot;Exceeded timeout of 30000 ms for a hook.
Add a timeout value to this test to increase the timeout, if this is a long-running test. See https://jestjs.io/docs/api#testname-fn-timeout.&quot;
    at C:\Users\Gamer\ado-dad\test\vehicle-inventory.e2e-spec.ts:18:3
    at _dispatchDescribe (C:\Users\Gamer\ado-dad\node_modules\jest-circus\build\index.js:91:26)
    at describe (C:\Users\Gamer\ado-dad\node_modules\jest-circus\build\index.js:55:5)
    at Object.&lt;anonymous&gt; (C:\Users\Gamer\ado-dad\test\vehicle-inventory.e2e-spec.ts:10:1)
    at Runtime._execModule (C:\Users\Gamer\ado-dad\node_modules\jest-runtime\build\index.js:1439:24)
    at Runtime._loadModule (C:\Users\Gamer\ado-dad\node_modules\jest-runtime\build\index.js:1022:12)
    at Runtime.requireModule (C:\Users\Gamer\ado-dad\node_modules\jest-runtime\build\index.js:882:12)
    at jestAdapter (C:\Users\Gamer\ado-dad\node_modules\jest-circus\build\legacy-code-todo-rewrite\jestAdapter.js:77:13)
    at runTestInternal (C:\Users\Gamer\ado-dad\node_modules\jest-runner\build\runTest.js:367:16)
    at runTest (C:\Users\Gamer\ado-dad\node_modules\jest-runner\build\runTest.js:444:34)</failure>
    </testcase>
    <testcase classname="Vehicle Inventory API (e2e) › Vehicle Models API › GET /vehicle-inventory/vehicle-models" name="should filter vehicle models by segment" time="0">
      <failure>Error: thrown: &quot;Exceeded timeout of 30000 ms for a hook.
Add a timeout value to this test to increase the timeout, if this is a long-running test. See https://jestjs.io/docs/api#testname-fn-timeout.&quot;
    at C:\Users\Gamer\ado-dad\test\vehicle-inventory.e2e-spec.ts:18:3
    at _dispatchDescribe (C:\Users\Gamer\ado-dad\node_modules\jest-circus\build\index.js:91:26)
    at describe (C:\Users\Gamer\ado-dad\node_modules\jest-circus\build\index.js:55:5)
    at Object.&lt;anonymous&gt; (C:\Users\Gamer\ado-dad\test\vehicle-inventory.e2e-spec.ts:10:1)
    at Runtime._execModule (C:\Users\Gamer\ado-dad\node_modules\jest-runtime\build\index.js:1439:24)
    at Runtime._loadModule (C:\Users\Gamer\ado-dad\node_modules\jest-runtime\build\index.js:1022:12)
    at Runtime.requireModule (C:\Users\Gamer\ado-dad\node_modules\jest-runtime\build\index.js:882:12)
    at jestAdapter (C:\Users\Gamer\ado-dad\node_modules\jest-circus\build\legacy-code-todo-rewrite\jestAdapter.js:77:13)
    at runTestInternal (C:\Users\Gamer\ado-dad\node_modules\jest-runner\build\runTest.js:367:16)
    at runTest (C:\Users\Gamer\ado-dad\node_modules\jest-runner\build\runTest.js:444:34)</failure>
    </testcase>
    <testcase classname="Vehicle Inventory API (e2e) › Vehicle Models API › GET /vehicle-inventory/vehicle-models/:id" name="should get vehicle model by ID successfully" time="0.001">
      <failure>Error: thrown: &quot;Exceeded timeout of 30000 ms for a hook.
Add a timeout value to this test to increase the timeout, if this is a long-running test. See https://jestjs.io/docs/api#testname-fn-timeout.&quot;
    at C:\Users\Gamer\ado-dad\test\vehicle-inventory.e2e-spec.ts:18:3
    at _dispatchDescribe (C:\Users\Gamer\ado-dad\node_modules\jest-circus\build\index.js:91:26)
    at describe (C:\Users\Gamer\ado-dad\node_modules\jest-circus\build\index.js:55:5)
    at Object.&lt;anonymous&gt; (C:\Users\Gamer\ado-dad\test\vehicle-inventory.e2e-spec.ts:10:1)
    at Runtime._execModule (C:\Users\Gamer\ado-dad\node_modules\jest-runtime\build\index.js:1439:24)
    at Runtime._loadModule (C:\Users\Gamer\ado-dad\node_modules\jest-runtime\build\index.js:1022:12)
    at Runtime.requireModule (C:\Users\Gamer\ado-dad\node_modules\jest-runtime\build\index.js:882:12)
    at jestAdapter (C:\Users\Gamer\ado-dad\node_modules\jest-circus\build\legacy-code-todo-rewrite\jestAdapter.js:77:13)
    at runTestInternal (C:\Users\Gamer\ado-dad\node_modules\jest-runner\build\runTest.js:367:16)
    at runTest (C:\Users\Gamer\ado-dad\node_modules\jest-runner\build\runTest.js:444:34)</failure>
    </testcase>
    <testcase classname="Vehicle Inventory API (e2e) › Vehicle Variants API › POST /vehicle-inventory/vehicle-variants" name="should create vehicle variant successfully" time="0">
      <failure>Error: thrown: &quot;Exceeded timeout of 30000 ms for a hook.
Add a timeout value to this test to increase the timeout, if this is a long-running test. See https://jestjs.io/docs/api#testname-fn-timeout.&quot;
    at C:\Users\Gamer\ado-dad\test\vehicle-inventory.e2e-spec.ts:18:3
    at _dispatchDescribe (C:\Users\Gamer\ado-dad\node_modules\jest-circus\build\index.js:91:26)
    at describe (C:\Users\Gamer\ado-dad\node_modules\jest-circus\build\index.js:55:5)
    at Object.&lt;anonymous&gt; (C:\Users\Gamer\ado-dad\test\vehicle-inventory.e2e-spec.ts:10:1)
    at Runtime._execModule (C:\Users\Gamer\ado-dad\node_modules\jest-runtime\build\index.js:1439:24)
    at Runtime._loadModule (C:\Users\Gamer\ado-dad\node_modules\jest-runtime\build\index.js:1022:12)
    at Runtime.requireModule (C:\Users\Gamer\ado-dad\node_modules\jest-runtime\build\index.js:882:12)
    at jestAdapter (C:\Users\Gamer\ado-dad\node_modules\jest-circus\build\legacy-code-todo-rewrite\jestAdapter.js:77:13)
    at runTestInternal (C:\Users\Gamer\ado-dad\node_modules\jest-runner\build\runTest.js:367:16)
    at runTest (C:\Users\Gamer\ado-dad\node_modules\jest-runner\build\runTest.js:444:34)</failure>
    </testcase>
    <testcase classname="Vehicle Inventory API (e2e) › Vehicle Variants API › POST /vehicle-inventory/vehicle-variants" name="should fail to create vehicle variant with invalid model" time="0">
      <failure>Error: thrown: &quot;Exceeded timeout of 30000 ms for a hook.
Add a timeout value to this test to increase the timeout, if this is a long-running test. See https://jestjs.io/docs/api#testname-fn-timeout.&quot;
    at C:\Users\Gamer\ado-dad\test\vehicle-inventory.e2e-spec.ts:18:3
    at _dispatchDescribe (C:\Users\Gamer\ado-dad\node_modules\jest-circus\build\index.js:91:26)
    at describe (C:\Users\Gamer\ado-dad\node_modules\jest-circus\build\index.js:55:5)
    at Object.&lt;anonymous&gt; (C:\Users\Gamer\ado-dad\test\vehicle-inventory.e2e-spec.ts:10:1)
    at Runtime._execModule (C:\Users\Gamer\ado-dad\node_modules\jest-runtime\build\index.js:1439:24)
    at Runtime._loadModule (C:\Users\Gamer\ado-dad\node_modules\jest-runtime\build\index.js:1022:12)
    at Runtime.requireModule (C:\Users\Gamer\ado-dad\node_modules\jest-runtime\build\index.js:882:12)
    at jestAdapter (C:\Users\Gamer\ado-dad\node_modules\jest-circus\build\legacy-code-todo-rewrite\jestAdapter.js:77:13)
    at runTestInternal (C:\Users\Gamer\ado-dad\node_modules\jest-runner\build\runTest.js:367:16)
    at runTest (C:\Users\Gamer\ado-dad\node_modules\jest-runner\build\runTest.js:444:34)</failure>
    </testcase>
    <testcase classname="Vehicle Inventory API (e2e) › Vehicle Variants API › GET /vehicle-inventory/vehicle-variants" name="should get all vehicle variants successfully" time="0">
      <failure>Error: thrown: &quot;Exceeded timeout of 30000 ms for a hook.
Add a timeout value to this test to increase the timeout, if this is a long-running test. See https://jestjs.io/docs/api#testname-fn-timeout.&quot;
    at C:\Users\Gamer\ado-dad\test\vehicle-inventory.e2e-spec.ts:18:3
    at _dispatchDescribe (C:\Users\Gamer\ado-dad\node_modules\jest-circus\build\index.js:91:26)
    at describe (C:\Users\Gamer\ado-dad\node_modules\jest-circus\build\index.js:55:5)
    at Object.&lt;anonymous&gt; (C:\Users\Gamer\ado-dad\test\vehicle-inventory.e2e-spec.ts:10:1)
    at Runtime._execModule (C:\Users\Gamer\ado-dad\node_modules\jest-runtime\build\index.js:1439:24)
    at Runtime._loadModule (C:\Users\Gamer\ado-dad\node_modules\jest-runtime\build\index.js:1022:12)
    at Runtime.requireModule (C:\Users\Gamer\ado-dad\node_modules\jest-runtime\build\index.js:882:12)
    at jestAdapter (C:\Users\Gamer\ado-dad\node_modules\jest-circus\build\legacy-code-todo-rewrite\jestAdapter.js:77:13)
    at runTestInternal (C:\Users\Gamer\ado-dad\node_modules\jest-runner\build\runTest.js:367:16)
    at runTest (C:\Users\Gamer\ado-dad\node_modules\jest-runner\build\runTest.js:444:34)</failure>
    </testcase>
    <testcase classname="Vehicle Inventory API (e2e) › Vehicle Variants API › GET /vehicle-inventory/vehicle-variants" name="should filter vehicle variants by model" time="0">
      <failure>Error: thrown: &quot;Exceeded timeout of 30000 ms for a hook.
Add a timeout value to this test to increase the timeout, if this is a long-running test. See https://jestjs.io/docs/api#testname-fn-timeout.&quot;
    at C:\Users\Gamer\ado-dad\test\vehicle-inventory.e2e-spec.ts:18:3
    at _dispatchDescribe (C:\Users\Gamer\ado-dad\node_modules\jest-circus\build\index.js:91:26)
    at describe (C:\Users\Gamer\ado-dad\node_modules\jest-circus\build\index.js:55:5)
    at Object.&lt;anonymous&gt; (C:\Users\Gamer\ado-dad\test\vehicle-inventory.e2e-spec.ts:10:1)
    at Runtime._execModule (C:\Users\Gamer\ado-dad\node_modules\jest-runtime\build\index.js:1439:24)
    at Runtime._loadModule (C:\Users\Gamer\ado-dad\node_modules\jest-runtime\build\index.js:1022:12)
    at Runtime.requireModule (C:\Users\Gamer\ado-dad\node_modules\jest-runtime\build\index.js:882:12)
    at jestAdapter (C:\Users\Gamer\ado-dad\node_modules\jest-circus\build\legacy-code-todo-rewrite\jestAdapter.js:77:13)
    at runTestInternal (C:\Users\Gamer\ado-dad\node_modules\jest-runner\build\runTest.js:367:16)
    at runTest (C:\Users\Gamer\ado-dad\node_modules\jest-runner\build\runTest.js:444:34)</failure>
    </testcase>
    <testcase classname="Vehicle Inventory API (e2e) › Vehicle Variants API › GET /vehicle-inventory/vehicle-variants" name="should filter vehicle variants by fuel type" time="0">
      <failure>Error: thrown: &quot;Exceeded timeout of 30000 ms for a hook.
Add a timeout value to this test to increase the timeout, if this is a long-running test. See https://jestjs.io/docs/api#testname-fn-timeout.&quot;
    at C:\Users\Gamer\ado-dad\test\vehicle-inventory.e2e-spec.ts:18:3
    at _dispatchDescribe (C:\Users\Gamer\ado-dad\node_modules\jest-circus\build\index.js:91:26)
    at describe (C:\Users\Gamer\ado-dad\node_modules\jest-circus\build\index.js:55:5)
    at Object.&lt;anonymous&gt; (C:\Users\Gamer\ado-dad\test\vehicle-inventory.e2e-spec.ts:10:1)
    at Runtime._execModule (C:\Users\Gamer\ado-dad\node_modules\jest-runtime\build\index.js:1439:24)
    at Runtime._loadModule (C:\Users\Gamer\ado-dad\node_modules\jest-runtime\build\index.js:1022:12)
    at Runtime.requireModule (C:\Users\Gamer\ado-dad\node_modules\jest-runtime\build\index.js:882:12)
    at jestAdapter (C:\Users\Gamer\ado-dad\node_modules\jest-circus\build\legacy-code-todo-rewrite\jestAdapter.js:77:13)
    at runTestInternal (C:\Users\Gamer\ado-dad\node_modules\jest-runner\build\runTest.js:367:16)
    at runTest (C:\Users\Gamer\ado-dad\node_modules\jest-runner\build\runTest.js:444:34)</failure>
    </testcase>
    <testcase classname="Vehicle Inventory API (e2e) › Vehicle Variants API › GET /vehicle-inventory/vehicle-variants" name="should filter vehicle variants by price range" time="0.001">
      <failure>Error: thrown: &quot;Exceeded timeout of 30000 ms for a hook.
Add a timeout value to this test to increase the timeout, if this is a long-running test. See https://jestjs.io/docs/api#testname-fn-timeout.&quot;
    at C:\Users\Gamer\ado-dad\test\vehicle-inventory.e2e-spec.ts:18:3
    at _dispatchDescribe (C:\Users\Gamer\ado-dad\node_modules\jest-circus\build\index.js:91:26)
    at describe (C:\Users\Gamer\ado-dad\node_modules\jest-circus\build\index.js:55:5)
    at Object.&lt;anonymous&gt; (C:\Users\Gamer\ado-dad\test\vehicle-inventory.e2e-spec.ts:10:1)
    at Runtime._execModule (C:\Users\Gamer\ado-dad\node_modules\jest-runtime\build\index.js:1439:24)
    at Runtime._loadModule (C:\Users\Gamer\ado-dad\node_modules\jest-runtime\build\index.js:1022:12)
    at Runtime.requireModule (C:\Users\Gamer\ado-dad\node_modules\jest-runtime\build\index.js:882:12)
    at jestAdapter (C:\Users\Gamer\ado-dad\node_modules\jest-circus\build\legacy-code-todo-rewrite\jestAdapter.js:77:13)
    at runTestInternal (C:\Users\Gamer\ado-dad\node_modules\jest-runner\build\runTest.js:367:16)
    at runTest (C:\Users\Gamer\ado-dad\node_modules\jest-runner\build\runTest.js:444:34)</failure>
    </testcase>
    <testcase classname="Vehicle Inventory API (e2e) › Vehicle Variants API › GET /vehicle-inventory/vehicle-variants/:id" name="should get vehicle variant by ID successfully" time="0">
      <failure>Error: thrown: &quot;Exceeded timeout of 30000 ms for a hook.
Add a timeout value to this test to increase the timeout, if this is a long-running test. See https://jestjs.io/docs/api#testname-fn-timeout.&quot;
    at C:\Users\Gamer\ado-dad\test\vehicle-inventory.e2e-spec.ts:18:3
    at _dispatchDescribe (C:\Users\Gamer\ado-dad\node_modules\jest-circus\build\index.js:91:26)
    at describe (C:\Users\Gamer\ado-dad\node_modules\jest-circus\build\index.js:55:5)
    at Object.&lt;anonymous&gt; (C:\Users\Gamer\ado-dad\test\vehicle-inventory.e2e-spec.ts:10:1)
    at Runtime._execModule (C:\Users\Gamer\ado-dad\node_modules\jest-runtime\build\index.js:1439:24)
    at Runtime._loadModule (C:\Users\Gamer\ado-dad\node_modules\jest-runtime\build\index.js:1022:12)
    at Runtime.requireModule (C:\Users\Gamer\ado-dad\node_modules\jest-runtime\build\index.js:882:12)
    at jestAdapter (C:\Users\Gamer\ado-dad\node_modules\jest-circus\build\legacy-code-todo-rewrite\jestAdapter.js:77:13)
    at runTestInternal (C:\Users\Gamer\ado-dad\node_modules\jest-runner\build\runTest.js:367:16)
    at runTest (C:\Users\Gamer\ado-dad\node_modules\jest-runner\build\runTest.js:444:34)</failure>
    </testcase>
    <testcase classname="" name="Test execution failure: could be caused by test hooks like &apos;afterAll&apos;." time="0">
      <failure>{&quot;message&quot;:&quot;&quot;,&quot;stack&quot;:&quot;TypeError: Cannot read properties of undefined (reading &apos;close&apos;)\n    at Object.&lt;anonymous&gt; (C:\\Users\\Gamer\\ado-dad\\test\\vehicle-inventory.e2e-spec.ts:31:15)&quot;}</failure>
    </testcase>
  </testsuite>
</testsuites>