<?xml version="1.0" encoding="UTF-8"?>
<testsuites name="jest tests" tests="18" failures="7" errors="0" time="26.958">
  <testsuite name="Phone Country Code API (e2e)" errors="0" failures="7" skipped="0" timestamp="2025-12-28T06:24:36" time="26.651" tests="18">
    <testcase classname="Phone Country Code API (e2e) › POST /users - Phone Country Code Validation" name="should create user with +91 (India)" time="0.29">
    </testcase>
    <testcase classname="Phone Country Code API (e2e) › POST /users - Phone Country Code Validation" name="should create user with +971 (UAE)" time="0.221">
    </testcase>
    <testcase classname="Phone Country Code API (e2e) › POST /users - Phone Country Code Validation" name="should create user with +1 (US)" time="0.038">
      <failure>Error: expect(received).toContain(expected) // indexOf

Expected value: 400
Received array: [200, 201]
    at Object.&lt;anonymous&gt; (C:\personal\personal\ado-dad-repo\ado-dad\test\phone-country-code.e2e-spec.ts:103:26)
    at processTicksAndRejections (node:internal/process/task_queues:95:5)</failure>
    </testcase>
    <testcase classname="Phone Country Code API (e2e) › POST /users - Phone Country Code Validation" name="should reject invalid phone country code format" time="0.014">
    </testcase>
    <testcase classname="Phone Country Code API (e2e) › POST /users - Phone Country Code Validation" name="should reject unsupported phone country code" time="0.013">
    </testcase>
    <testcase classname="Phone Country Code API (e2e) › POST /users - Phone Country Code Validation" name="should reject invalid phone number for country" time="0.193">
      <failure>Error: expect(received).toBe(expected) // Object.is equality

Expected: 400
Received: 201
    at Object.&lt;anonymous&gt; (C:\personal\personal\ado-dad-repo\ado-dad\test\phone-country-code.e2e-spec.ts:147:26)
    at processTicksAndRejections (node:internal/process/task_queues:95:5)</failure>
    </testcase>
    <testcase classname="Phone Country Code API (e2e) › POST /users - Phone Country Code Validation" name="should reject phone number with wrong length for country" time="0.011">
    </testcase>
    <testcase classname="Phone Country Code API (e2e) › PUT /users/:id - Update Phone Country Code" name="should update country code to +971" time="0.162">
      <failure>Error: expect(received).toContain(expected) // indexOf

Expected value: 500
Received array: [200, 201]
    at Object.&lt;anonymous&gt; (C:\personal\personal\ado-dad-repo\ado-dad\test\phone-country-code.e2e-spec.ts:198:26)
    at processTicksAndRejections (node:internal/process/task_queues:95:5)</failure>
    </testcase>
    <testcase classname="Phone Country Code API (e2e) › PUT /users/:id - Update Phone Country Code" name="should update only phone number keeping same country code" time="0.206">
    </testcase>
    <testcase classname="Phone Country Code API (e2e) › PUT /users/:id - Update Phone Country Code" name="should reject update with invalid country code" time="0.226">
      <failure>Error: expect(received).toBe(expected) // Object.is equality

Expected: 400
Received: 200
    at Object.&lt;anonymous&gt; (C:\personal\personal\ado-dad-repo\ado-dad\test\phone-country-code.e2e-spec.ts:225:26)
    at processTicksAndRejections (node:internal/process/task_queues:95:5)</failure>
    </testcase>
    <testcase classname="Phone Country Code API (e2e) › POST /auth/login - Phone Number Login" name="should login with phone number (10 digits)" time="0.265">
    </testcase>
    <testcase classname="Phone Country Code API (e2e) › POST /auth/login - Phone Number Login" name="should login with full phone number (+91 prefix)" time="0.017">
      <failure>Error: expect(received).toContain(expected) // indexOf

Expected value: 401
Received array: [200, 201]
    at Object.&lt;anonymous&gt; (C:\personal\personal\ado-dad-repo\ado-dad\test\phone-country-code.e2e-spec.ts:264:26)
    at processTicksAndRejections (node:internal/process/task_queues:95:5)</failure>
    </testcase>
    <testcase classname="Phone Country Code API (e2e) › POST /auth/login - Phone Number Login" name="should login with email" time="0.278">
    </testcase>
    <testcase classname="Phone Country Code API (e2e) › POST /users/send-otp - OTP with Phone Codes" name="should send OTP to phone number" time="1.221">
    </testcase>
    <testcase classname="Phone Country Code API (e2e) › POST /users/send-otp - OTP with Phone Codes" name="should send OTP to email" time="0.693">
    </testcase>
    <testcase classname="Phone Country Code API (e2e) › GET /users - Response includes countryCode" name="should return countryCode in user list" time="0.015">
      <failure>Error: expected 200 &quot;OK&quot;, got 401 &quot;Unauthorized&quot;
    at Object.&lt;anonymous&gt; (C:\personal\personal\ado-dad-repo\ado-dad\test\phone-country-code.e2e-spec.ts:325:10)
    at Promise.then.completed (C:\personal\personal\ado-dad-repo\ado-dad\node_modules\jest-circus\build\utils.js:298:28)
    at new Promise (&lt;anonymous&gt;)
    at callAsyncCircusFn (C:\personal\personal\ado-dad-repo\ado-dad\node_modules\jest-circus\build\utils.js:231:10)
    at _callCircusTest (C:\personal\personal\ado-dad-repo\ado-dad\node_modules\jest-circus\build\run.js:316:40)
    at processTicksAndRejections (node:internal/process/task_queues:95:5)
    at _runTest (C:\personal\personal\ado-dad-repo\ado-dad\node_modules\jest-circus\build\run.js:252:3)
    at _runTestsForDescribeBlock (C:\personal\personal\ado-dad-repo\ado-dad\node_modules\jest-circus\build\run.js:126:9)
    at _runTestsForDescribeBlock (C:\personal\personal\ado-dad-repo\ado-dad\node_modules\jest-circus\build\run.js:121:9)
    at _runTestsForDescribeBlock (C:\personal\personal\ado-dad-repo\ado-dad\node_modules\jest-circus\build\run.js:121:9)
    at run (C:\personal\personal\ado-dad-repo\ado-dad\node_modules\jest-circus\build\run.js:71:3)
    at runAndTransformResultsToJestFormat (C:\personal\personal\ado-dad-repo\ado-dad\node_modules\jest-circus\build\legacy-code-todo-rewrite\jestAdapterInit.js:122:21)
    at jestAdapter (C:\personal\personal\ado-dad-repo\ado-dad\node_modules\jest-circus\build\legacy-code-todo-rewrite\jestAdapter.js:79:19)
    at runTestInternal (c:\personal\personal\ado-dad-repo\ado-dad\node_modules\jest-runner\build\runTest.js:367:16)
    at runTest (c:\personal\personal\ado-dad-repo\ado-dad\node_modules\jest-runner\build\runTest.js:444:34)
----
    at Test._assertStatus (C:\personal\personal\ado-dad-repo\ado-dad\node_modules\supertest\lib\test.js:309:14)
    at C:\personal\personal\ado-dad-repo\ado-dad\node_modules\supertest\lib\test.js:365:13
    at Test._assertFunction (C:\personal\personal\ado-dad-repo\ado-dad\node_modules\supertest\lib\test.js:342:13)
    at Test.assert (C:\personal\personal\ado-dad-repo\ado-dad\node_modules\supertest\lib\test.js:195:23)
    at localAssert (C:\personal\personal\ado-dad-repo\ado-dad\node_modules\supertest\lib\test.js:138:14)
    at Server.&lt;anonymous&gt; (C:\personal\personal\ado-dad-repo\ado-dad\node_modules\supertest\lib\test.js:152:11)
    at Object.onceWrapper (node:events:638:28)
    at Server.emit (node:events:536:35)
    at emitCloseNT (node:net:2344:8)
    at processTicksAndRejections (node:internal/process/task_queues:81:21)</failure>
    </testcase>
    <testcase classname="Phone Country Code API (e2e) › Edge Cases" name="should handle duplicate phone number with different country codes" time="0.171">
      <failure>Error: expect(received).toContain(expected) // indexOf

Expected value: 400
Received array: [200, 201]
    at Object.&lt;anonymous&gt; (C:\personal\personal\ado-dad-repo\ado-dad\test\phone-country-code.e2e-spec.ts:366:26)
    at processTicksAndRejections (node:internal/process/task_queues:95:5)</failure>
    </testcase>
    <testcase classname="Phone Country Code API (e2e) › Edge Cases" name="should reject duplicate phone number with same country code" time="0.353">
    </testcase>
  </testsuite>
</testsuites>