<?xml version="1.0" encoding="UTF-8"?>
<testsuites name="jest tests" tests="18" failures="0" errors="0" time="10.976">
  <testsuite name="Vehicle Inventory Manufacturers (Read-Only)" errors="0" failures="0" skipped="17" timestamp="2025-08-31T18:21:58" time="10.87" tests="18">
    <testcase classname="Vehicle Inventory Manufacturers (Read-Only) › GET /vehicle-inventory/manufacturers" name="should get all manufacturers" time="0.035">
    </testcase>
    <testcase classname="Vehicle Inventory Manufacturers (Read-Only) › GET /vehicle-inventory/manufacturers" name="should filter manufacturers by search term" time="0">
      <skipped/>
    </testcase>
    <testcase classname="Vehicle Inventory Manufacturers (Read-Only) › GET /vehicle-inventory/manufacturers" name="should filter manufacturers by origin country" time="0">
      <skipped/>
    </testcase>
    <testcase classname="Vehicle Inventory Manufacturers (Read-Only) › GET /vehicle-inventory/manufacturers" name="should filter manufacturers by region" time="0">
      <skipped/>
    </testcase>
    <testcase classname="Vehicle Inventory Manufacturers (Read-Only) › GET /vehicle-inventory/manufacturers" name="should paginate manufacturers" time="0">
      <skipped/>
    </testcase>
    <testcase classname="Vehicle Inventory Manufacturers (Read-Only) › GET /vehicle-inventory/manufacturers" name="should sort manufacturers by name" time="0">
      <skipped/>
    </testcase>
    <testcase classname="Vehicle Inventory Manufacturers (Read-Only) › GET /vehicle-inventory/manufacturers" name="should sort manufacturers by founded year" time="0">
      <skipped/>
    </testcase>
    <testcase classname="Vehicle Inventory Manufacturers (Read-Only) › GET /vehicle-inventory/manufacturers/:id" name="should get manufacturer by ID successfully" time="0">
      <skipped/>
    </testcase>
    <testcase classname="Vehicle Inventory Manufacturers (Read-Only) › GET /vehicle-inventory/manufacturers/:id" name="should return 404 for non-existent manufacturer" time="0">
      <skipped/>
    </testcase>
    <testcase classname="Vehicle Inventory Manufacturers (Read-Only) › GET /vehicle-inventory/manufacturers/:id" name="should return 400 for invalid ID format" time="0">
      <skipped/>
    </testcase>
    <testcase classname="Vehicle Inventory Manufacturers (Read-Only) › GET /vehicle-inventory/models" name="should get all vehicle models" time="0">
      <skipped/>
    </testcase>
    <testcase classname="Vehicle Inventory Manufacturers (Read-Only) › GET /vehicle-inventory/models" name="should filter vehicle models by manufacturer" time="0">
      <skipped/>
    </testcase>
    <testcase classname="Vehicle Inventory Manufacturers (Read-Only) › GET /vehicle-inventory/models" name="should filter vehicle models by vehicle type" time="0">
      <skipped/>
    </testcase>
    <testcase classname="Vehicle Inventory Manufacturers (Read-Only) › GET /vehicle-inventory/models" name="should search vehicle models by name" time="0">
      <skipped/>
    </testcase>
    <testcase classname="Vehicle Inventory Manufacturers (Read-Only) › GET /vehicle-inventory/models" name="should paginate vehicle models" time="0">
      <skipped/>
    </testcase>
    <testcase classname="Vehicle Inventory Manufacturers (Read-Only) › GET /vehicle-inventory/models/:id" name="should get vehicle model by ID successfully" time="0">
      <skipped/>
    </testcase>
    <testcase classname="Vehicle Inventory Manufacturers (Read-Only) › GET /vehicle-inventory/models/:id" name="should return 404 for non-existent vehicle model" time="0">
      <skipped/>
    </testcase>
    <testcase classname="Vehicle Inventory Manufacturers (Read-Only) › GET /vehicle-inventory/models/:id" name="should return 400 for invalid vehicle model ID format" time="0">
      <skipped/>
    </testcase>
  </testsuite>
</testsuites>